0 info it worked if it ends with ok
1 verbose cli [ '/usr/bin/node', '/usr/bin/npm', 'install' ]
2 info using npm@1.4.29
3 info using node@v0.10.41
4 verbose node symlink /usr/bin/node
5 warn deprecated This version of npm lacks support for important features,
6 warn deprecated such as scoped packages, offered by the primary npm
7 warn deprecated registry. Consider upgrading to at least npm@2, if not the
8 warn deprecated latest stable version. To upgrade to npm@2, run:
9 warn deprecated npm -g install npm@latest-2
10 warn deprecated To upgrade to the latest stable version, run:
11 warn deprecated npm -g install npm@latest
12 warn deprecated (Depending on how Node.js was installed on your system, you
13 warn deprecated may need to prefix the preceding commands with `sudo`, or if
14 warn deprecated on Windows, run them from an Administrator prompt.)
15 warn deprecated If you're running the version of npm bundled with
16 warn deprecated Node.js 0.10 LTS, be aware that the next version of 0.10 LTS
17 warn deprecated will be bundled with a version of npm@2, which has some small
18 warn deprecated backwards-incompatible changes made to `npm run-script` and
19 warn deprecated semver behavior.
20 verbose readDependencies using package.json deps
21 verbose install where, deps [ '/home/aflashyrhetoric/sites/mosu',
21 verbose install   [ 'gulp', 'laravel-elixir', 'bootstrap-sass' ] ]
22 info preinstall @
23 verbose readDependencies using package.json deps
24 verbose cache add [ 'gulp@^3.9.1', null ]
25 verbose cache add name=undefined spec="gulp@^3.9.1" args=["gulp@^3.9.1",null]
26 verbose parsed url { protocol: null,
26 verbose parsed url   slashes: null,
26 verbose parsed url   auth: null,
26 verbose parsed url   host: null,
26 verbose parsed url   port: null,
26 verbose parsed url   hostname: null,
26 verbose parsed url   hash: null,
26 verbose parsed url   search: null,
26 verbose parsed url   query: null,
26 verbose parsed url   pathname: 'gulp@^3.9.1',
26 verbose parsed url   path: 'gulp@^3.9.1',
26 verbose parsed url   href: 'gulp@^3.9.1' }
27 verbose cache add [ 'laravel-elixir@^5.0.0', null ]
28 verbose cache add name=undefined spec="laravel-elixir@^5.0.0" args=["laravel-elixir@^5.0.0",null]
29 verbose parsed url { protocol: null,
29 verbose parsed url   slashes: null,
29 verbose parsed url   auth: null,
29 verbose parsed url   host: null,
29 verbose parsed url   port: null,
29 verbose parsed url   hostname: null,
29 verbose parsed url   hash: null,
29 verbose parsed url   search: null,
29 verbose parsed url   query: null,
29 verbose parsed url   pathname: 'laravel-elixir@^5.0.0',
29 verbose parsed url   path: 'laravel-elixir@^5.0.0',
29 verbose parsed url   href: 'laravel-elixir@^5.0.0' }
30 verbose cache add [ 'bootstrap-sass@^3.3.0', null ]
31 verbose cache add name=undefined spec="bootstrap-sass@^3.3.0" args=["bootstrap-sass@^3.3.0",null]
32 verbose parsed url { protocol: null,
32 verbose parsed url   slashes: null,
32 verbose parsed url   auth: null,
32 verbose parsed url   host: null,
32 verbose parsed url   port: null,
32 verbose parsed url   hostname: null,
32 verbose parsed url   hash: null,
32 verbose parsed url   search: null,
32 verbose parsed url   query: null,
32 verbose parsed url   pathname: 'bootstrap-sass@^3.3.0',
32 verbose parsed url   path: 'bootstrap-sass@^3.3.0',
32 verbose parsed url   href: 'bootstrap-sass@^3.3.0' }
33 verbose cache add name="gulp" spec="^3.9.1" args=["gulp","^3.9.1"]
34 verbose parsed url { protocol: null,
34 verbose parsed url   slashes: null,
34 verbose parsed url   auth: null,
34 verbose parsed url   host: null,
34 verbose parsed url   port: null,
34 verbose parsed url   hostname: null,
34 verbose parsed url   hash: null,
34 verbose parsed url   search: null,
34 verbose parsed url   query: null,
34 verbose parsed url   pathname: '^3.9.1',
34 verbose parsed url   path: '^3.9.1',
34 verbose parsed url   href: '^3.9.1' }
35 verbose addNamed [ 'gulp', '^3.9.1' ]
36 verbose addNamed [ null, '>=3.9.1-0 <4.0.0-0' ]
37 verbose cache add name="laravel-elixir" spec="^5.0.0" args=["laravel-elixir","^5.0.0"]
38 verbose parsed url { protocol: null,
38 verbose parsed url   slashes: null,
38 verbose parsed url   auth: null,
38 verbose parsed url   host: null,
38 verbose parsed url   port: null,
38 verbose parsed url   hostname: null,
38 verbose parsed url   hash: null,
38 verbose parsed url   search: null,
38 verbose parsed url   query: null,
38 verbose parsed url   pathname: '^5.0.0',
38 verbose parsed url   path: '^5.0.0',
38 verbose parsed url   href: '^5.0.0' }
39 verbose addNamed [ 'laravel-elixir', '^5.0.0' ]
40 verbose addNamed [ null, '>=5.0.0-0 <6.0.0-0' ]
41 verbose cache add name="bootstrap-sass" spec="^3.3.0" args=["bootstrap-sass","^3.3.0"]
42 verbose parsed url { protocol: null,
42 verbose parsed url   slashes: null,
42 verbose parsed url   auth: null,
42 verbose parsed url   host: null,
42 verbose parsed url   port: null,
42 verbose parsed url   hostname: null,
42 verbose parsed url   hash: null,
42 verbose parsed url   search: null,
42 verbose parsed url   query: null,
42 verbose parsed url   pathname: '^3.3.0',
42 verbose parsed url   path: '^3.3.0',
42 verbose parsed url   href: '^3.3.0' }
43 verbose addNamed [ 'bootstrap-sass', '^3.3.0' ]
44 verbose addNamed [ null, '>=3.3.0-0 <4.0.0-0' ]
45 silly lockFile e5c114fc-gulp-3-9-1 gulp@^3.9.1
46 verbose lock gulp@^3.9.1 /home/aflashyrhetoric/.npm/e5c114fc-gulp-3-9-1.lock
47 silly lockFile 055fb59e-laravel-elixir-5-0-0 laravel-elixir@^5.0.0
48 verbose lock laravel-elixir@^5.0.0 /home/aflashyrhetoric/.npm/055fb59e-laravel-elixir-5-0-0.lock
49 silly lockFile b00877c1-bootstrap-sass-3-3-0 bootstrap-sass@^3.3.0
50 verbose lock bootstrap-sass@^3.3.0 /home/aflashyrhetoric/.npm/b00877c1-bootstrap-sass-3-3-0.lock
51 silly addNameRange { name: 'laravel-elixir',
51 silly addNameRange   range: '>=5.0.0-0 <6.0.0-0',
51 silly addNameRange   hasData: false }
52 silly addNameRange { name: 'gulp', range: '>=3.9.1-0 <4.0.0-0', hasData: false }
53 silly addNameRange { name: 'bootstrap-sass',
53 silly addNameRange   range: '>=3.3.0-0 <4.0.0-0',
53 silly addNameRange   hasData: false }
54 verbose request where is /gulp
55 verbose request registry https://registry.npmjs.org/
56 verbose request id 82f94f4e303066e7
57 verbose url raw /gulp
58 verbose url resolving [ 'https://registry.npmjs.org/', './gulp' ]
59 verbose url resolved https://registry.npmjs.org/gulp
60 verbose request where is https://registry.npmjs.org/gulp
61 info trying registry request attempt 1 at 14:46:48
62 verbose etag "1OZKOJZ3IZ8ZJA4EDDVY49FGT"
63 http GET https://registry.npmjs.org/gulp
64 verbose request where is /bootstrap-sass
65 verbose request registry https://registry.npmjs.org/
66 verbose url raw /bootstrap-sass
67 verbose url resolving [ 'https://registry.npmjs.org/', './bootstrap-sass' ]
68 verbose url resolved https://registry.npmjs.org/bootstrap-sass
69 verbose request where is https://registry.npmjs.org/bootstrap-sass
70 info trying registry request attempt 1 at 14:46:48
71 verbose etag "3YCZAAH6DTCPDZANM9JNJ4ZN0"
72 http GET https://registry.npmjs.org/bootstrap-sass
73 verbose request where is /laravel-elixir
74 verbose request registry https://registry.npmjs.org/
75 verbose url raw /laravel-elixir
76 verbose url resolving [ 'https://registry.npmjs.org/', './laravel-elixir' ]
77 verbose url resolved https://registry.npmjs.org/laravel-elixir
78 verbose request where is https://registry.npmjs.org/laravel-elixir
79 info trying registry request attempt 1 at 14:46:48
80 verbose etag "BACYI83TDEBUF5OMQCTMKF045"
81 http GET https://registry.npmjs.org/laravel-elixir
82 http 200 https://registry.npmjs.org/bootstrap-sass
83 silly registry.get cb [ 200,
83 silly registry.get   { server: 'CouchDB/1.5.0 (Erlang OTP/R16B03)',
83 silly registry.get     etag: '"E3CW5F87MUI56CMLFBSS9CQC6"',
83 silly registry.get     'content-type': 'application/json',
83 silly registry.get     'content-encoding': 'gzip',
83 silly registry.get     'cache-control': 'max-age=300',
83 silly registry.get     'content-length': '8461',
83 silly registry.get     'accept-ranges': 'bytes',
83 silly registry.get     date: 'Sat, 29 Oct 2016 18:46:48 GMT',
83 silly registry.get     via: '1.1 varnish',
83 silly registry.get     age: '258',
83 silly registry.get     connection: 'keep-alive',
83 silly registry.get     'x-served-by': 'cache-jfk8145-JFK',
83 silly registry.get     'x-cache': 'HIT',
83 silly registry.get     'x-cache-hits': '1',
83 silly registry.get     'x-timer': 'S1477766808.987949,VS0,VE0',
83 silly registry.get     vary: 'Accept-Encoding' } ]
84 silly addNameRange number 2 { name: 'bootstrap-sass',
84 silly addNameRange   range: '>=3.3.0-0 <4.0.0-0',
84 silly addNameRange   hasData: true }
85 silly addNameRange versions [ 'bootstrap-sass',
85 silly addNameRange   [ '2.3.2',
85 silly addNameRange     '3.1.1',
85 silly addNameRange     '3.2.0',
85 silly addNameRange     '3.3.0',
85 silly addNameRange     '3.3.1',
85 silly addNameRange     '3.3.2',
85 silly addNameRange     '3.3.3',
85 silly addNameRange     '3.3.4',
85 silly addNameRange     '3.3.5',
85 silly addNameRange     '3.3.6',
85 silly addNameRange     '3.3.7' ] ]
86 verbose addNamed [ 'bootstrap-sass', '3.3.7' ]
87 verbose addNamed [ '3.3.7', '3.3.7' ]
88 silly lockFile 33301572-bootstrap-sass-3-3-7 bootstrap-sass@3.3.7
89 verbose lock bootstrap-sass@3.3.7 /home/aflashyrhetoric/.npm/33301572-bootstrap-sass-3-3-7.lock
90 silly lockFile d2c52f3f-ap-sass-bootstrap-sass-3-3-7-tgz https://registry.npmjs.org/bootstrap-sass/-/bootstrap-sass-3.3.7.tgz
91 verbose lock https://registry.npmjs.org/bootstrap-sass/-/bootstrap-sass-3.3.7.tgz /home/aflashyrhetoric/.npm/d2c52f3f-ap-sass-bootstrap-sass-3-3-7-tgz.lock
92 verbose addRemoteTarball [ 'https://registry.npmjs.org/bootstrap-sass/-/bootstrap-sass-3.3.7.tgz',
92 verbose addRemoteTarball   '6596c7ab40f6637393323ab0bc80d064fc630498' ]
93 http 200 https://registry.npmjs.org/gulp
94 silly registry.get cb [ 200,
94 silly registry.get   { server: 'CouchDB/1.5.0 (Erlang OTP/R16B03)',
94 silly registry.get     etag: '"9GJ5YN7MKT60YK8ELX4F41Z2I"',
94 silly registry.get     'content-type': 'application/json',
94 silly registry.get     'content-encoding': 'gzip',
94 silly registry.get     'cache-control': 'max-age=300',
94 silly registry.get     'content-length': '19208',
94 silly registry.get     'accept-ranges': 'bytes',
94 silly registry.get     date: 'Sat, 29 Oct 2016 18:46:48 GMT',
94 silly registry.get     via: '1.1 varnish',
94 silly registry.get     age: '108',
94 silly registry.get     connection: 'keep-alive',
94 silly registry.get     'x-served-by': 'cache-jfk8142-JFK',
94 silly registry.get     'x-cache': 'HIT',
94 silly registry.get     'x-cache-hits': '1',
94 silly registry.get     'x-timer': 'S1477766808.985117,VS0,VE0',
94 silly registry.get     vary: 'Accept-Encoding' } ]
95 silly lockFile d2c52f3f-ap-sass-bootstrap-sass-3-3-7-tgz https://registry.npmjs.org/bootstrap-sass/-/bootstrap-sass-3.3.7.tgz
96 silly lockFile d2c52f3f-ap-sass-bootstrap-sass-3-3-7-tgz https://registry.npmjs.org/bootstrap-sass/-/bootstrap-sass-3.3.7.tgz
97 silly lockFile 33301572-bootstrap-sass-3-3-7 bootstrap-sass@3.3.7
98 silly lockFile 33301572-bootstrap-sass-3-3-7 bootstrap-sass@3.3.7
99 silly lockFile b00877c1-bootstrap-sass-3-3-0 bootstrap-sass@^3.3.0
100 silly lockFile b00877c1-bootstrap-sass-3-3-0 bootstrap-sass@^3.3.0
101 silly addNameRange number 2 { name: 'gulp', range: '>=3.9.1-0 <4.0.0-0', hasData: true }
102 silly addNameRange versions [ 'gulp',
102 silly addNameRange   [ '0.0.1',
102 silly addNameRange     '0.0.2',
102 silly addNameRange     '0.0.3',
102 silly addNameRange     '0.0.4',
102 silly addNameRange     '0.0.5',
102 silly addNameRange     '0.0.7',
102 silly addNameRange     '0.0.8',
102 silly addNameRange     '0.0.9',
102 silly addNameRange     '0.1.0',
102 silly addNameRange     '0.2.0',
102 silly addNameRange     '1.0.0',
102 silly addNameRange     '1.1.0',
102 silly addNameRange     '1.2.0',
102 silly addNameRange     '1.2.1',
102 silly addNameRange     '2.0.0',
102 silly addNameRange     '2.0.1',
102 silly addNameRange     '2.1.0',
102 silly addNameRange     '2.2.0',
102 silly addNameRange     '2.3.0',
102 silly addNameRange     '2.4.0',
102 silly addNameRange     '2.4.1',
102 silly addNameRange     '2.6.0',
102 silly addNameRange     '2.6.1',
102 silly addNameRange     '2.7.0',
102 silly addNameRange     '3.0.0',
102 silly addNameRange     '3.1.1',
102 silly addNameRange     '3.1.2',
102 silly addNameRange     '3.1.3',
102 silly addNameRange     '3.1.4',
102 silly addNameRange     '3.2.0',
102 silly addNameRange     '3.2.1',
102 silly addNameRange     '3.2.2',
102 silly addNameRange     '3.2.3',
102 silly addNameRange     '3.2.4',
102 silly addNameRange     '3.2.5',
102 silly addNameRange     '3.3.0',
102 silly addNameRange     '3.3.1',
102 silly addNameRange     '3.3.2',
102 silly addNameRange     '3.3.4',
102 silly addNameRange     '3.4.0',
102 silly addNameRange     '3.5.0',
102 silly addNameRange     '3.5.1',
102 silly addNameRange     '3.5.2',
102 silly addNameRange     '3.5.5',
102 silly addNameRange     '3.5.6',
102 silly addNameRange     '3.6.0',
102 silly addNameRange     '3.6.1',
102 silly addNameRange     '3.6.2',
102 silly addNameRange     '3.7.0',
102 silly addNameRange     '3.8.0',
102 silly addNameRange     '3.8.1',
102 silly addNameRange     '3.8.2',
102 silly addNameRange     '3.8.3',
102 silly addNameRange     '3.8.4',
102 silly addNameRange     '3.8.5',
102 silly addNameRange     '3.8.6',
102 silly addNameRange     '3.8.7',
102 silly addNameRange     '3.8.8',
102 silly addNameRange     '3.8.9',
102 silly addNameRange     '3.8.10',
102 silly addNameRange     '3.8.11',
102 silly addNameRange     '3.9.0',
102 silly addNameRange     '3.9.1' ] ]
103 verbose addNamed [ 'gulp', '3.9.1' ]
104 verbose addNamed [ '3.9.1', '3.9.1' ]
105 silly lockFile d9f1ef79-gulp-3-9-1 gulp@3.9.1
106 verbose lock gulp@3.9.1 /home/aflashyrhetoric/.npm/d9f1ef79-gulp-3-9-1.lock
107 silly lockFile d95592da-ry-npmjs-org-gulp-gulp-3-9-1-tgz https://registry.npmjs.org/gulp/-/gulp-3.9.1.tgz
108 verbose lock https://registry.npmjs.org/gulp/-/gulp-3.9.1.tgz /home/aflashyrhetoric/.npm/d95592da-ry-npmjs-org-gulp-gulp-3-9-1-tgz.lock
109 verbose addRemoteTarball [ 'https://registry.npmjs.org/gulp/-/gulp-3.9.1.tgz',
109 verbose addRemoteTarball   '571ce45928dd40af6514fc4011866016c13845b4' ]
110 silly lockFile d95592da-ry-npmjs-org-gulp-gulp-3-9-1-tgz https://registry.npmjs.org/gulp/-/gulp-3.9.1.tgz
111 silly lockFile d95592da-ry-npmjs-org-gulp-gulp-3-9-1-tgz https://registry.npmjs.org/gulp/-/gulp-3.9.1.tgz
112 silly lockFile d9f1ef79-gulp-3-9-1 gulp@3.9.1
113 silly lockFile d9f1ef79-gulp-3-9-1 gulp@3.9.1
114 silly lockFile e5c114fc-gulp-3-9-1 gulp@^3.9.1
115 silly lockFile e5c114fc-gulp-3-9-1 gulp@^3.9.1
116 http 200 https://registry.npmjs.org/laravel-elixir
117 silly registry.get cb [ 200,
117 silly registry.get   { server: 'CouchDB/1.5.0 (Erlang OTP/R16B03)',
117 silly registry.get     etag: '"5LCJ9VCAU76L7ZXLI5WJTOI31"',
117 silly registry.get     'content-type': 'application/json',
117 silly registry.get     'content-encoding': 'gzip',
117 silly registry.get     'cache-control': 'max-age=300',
117 silly registry.get     'content-length': '28191',
117 silly registry.get     'accept-ranges': 'bytes',
117 silly registry.get     date: 'Sat, 29 Oct 2016 18:46:49 GMT',
117 silly registry.get     via: '1.1 varnish',
117 silly registry.get     age: '0',
117 silly registry.get     connection: 'keep-alive',
117 silly registry.get     'x-served-by': 'cache-jfk8127-JFK',
117 silly registry.get     'x-cache': 'HIT',
117 silly registry.get     'x-cache-hits': '1',
117 silly registry.get     'x-timer': 'S1477766808.991517,VS0,VE76',
117 silly registry.get     vary: 'Accept-Encoding' } ]
118 silly addNameRange number 2 { name: 'laravel-elixir',
118 silly addNameRange   range: '>=5.0.0-0 <6.0.0-0',
118 silly addNameRange   hasData: true }
119 silly addNameRange versions [ 'laravel-elixir',
119 silly addNameRange   [ '0.1.0',
119 silly addNameRange     '0.1.1',
119 silly addNameRange     '0.1.2',
119 silly addNameRange     '0.1.3',
119 silly addNameRange     '0.1.4',
119 silly addNameRange     '0.1.5',
119 silly addNameRange     '0.1.6',
119 silly addNameRange     '0.1.7',
119 silly addNameRange     '0.1.8',
119 silly addNameRange     '0.1.9',
119 silly addNameRange     '0.2.0',
119 silly addNameRange     '0.2.1',
119 silly addNameRange     '0.2.2',
119 silly addNameRange     '0.3.0',
119 silly addNameRange     '0.3.1',
119 silly addNameRange     '0.3.2',
119 silly addNameRange     '0.3.3',
119 silly addNameRange     '0.3.4',
119 silly addNameRange     '0.3.5',
119 silly addNameRange     '0.3.7',
119 silly addNameRange     '0.3.8',
119 silly addNameRange     '0.3.9',
119 silly addNameRange     '0.3.10',
119 silly addNameRange     '0.3.11',
119 silly addNameRange     '0.4.0',
119 silly addNameRange     '0.4.1',
119 silly addNameRange     '0.4.3',
119 silly addNameRange     '0.4.4',
119 silly addNameRange     '0.4.5',
119 silly addNameRange     '0.4.6',
119 silly addNameRange     '0.4.7',
119 silly addNameRange     '0.4.8',
119 silly addNameRange     '0.4.9',
119 silly addNameRange     '0.4.10',
119 silly addNameRange     '0.4.11',
119 silly addNameRange     '0.4.12',
119 silly addNameRange     '0.4.13',
119 silly addNameRange     '0.4.14',
119 silly addNameRange     '0.4.15',
119 silly addNameRange     '0.4.16',
119 silly addNameRange     '0.4.17',
119 silly addNameRange     '0.5.0',
119 silly addNameRange     '0.5.1',
119 silly addNameRange     '0.5.2',
119 silly addNameRange     '0.5.3',
119 silly addNameRange     '0.5.4',
119 silly addNameRange     '0.5.5',
119 silly addNameRange     '0.5.6',
119 silly addNameRange     '0.5.7',
119 silly addNameRange     '0.5.8',
119 silly addNameRange     '0.6.0',
119 silly addNameRange     '0.6.1',
119 silly addNameRange     '0.6.2',
119 silly addNameRange     '0.6.3',
119 silly addNameRange     '0.6.4',
119 silly addNameRange     '0.6.5',
119 silly addNameRange     '0.6.6',
119 silly addNameRange     '0.7.0',
119 silly addNameRange     '0.6.7',
119 silly addNameRange     '0.6.8',
119 silly addNameRange     '0.7.1',
119 silly addNameRange     '0.7.3',
119 silly addNameRange     '0.7.4',
119 silly addNameRange     '0.7.5',
119 silly addNameRange     '0.7.6',
119 silly addNameRange     '0.7.7',
119 silly addNameRange     '0.7.8',
119 silly addNameRange     '0.7.9',
119 silly addNameRange     '0.7.10',
119 silly addNameRange     '0.7.11',
119 silly addNameRange     '0.8.0',
119 silly addNameRange     '0.8.1',
119 silly addNameRange     '0.9.1',
119 silly addNameRange     '0.10.0',
119 silly addNameRange     '0.10.1',
119 silly addNameRange     '0.10.2',
119 silly addNameRange     '0.10.3',
119 silly addNameRange     '0.10.4',
119 silly addNameRange     '0.10.5',
119 silly addNameRange     '0.10.6',
119 silly addNameRange     '0.10.7',
119 silly addNameRange     '0.11.0',
119 silly addNameRange     '0.12.0',
119 silly addNameRange     '0.12.2',
119 silly addNameRange     '0.12.3',
119 silly addNameRange     '0.13.0',
119 silly addNameRange     '0.13.1',
119 silly addNameRange     '0.13.2',
119 silly addNameRange     '0.13.3',
119 silly addNameRange     '0.14.0',
119 silly addNameRange     '0.14.2',
119 silly addNameRange     '0.14.3',
119 silly addNameRange     '0.14.4',
119 silly addNameRange     '0.15.0',
119 silly addNameRange     '0.15.1',
119 silly addNameRange     '0.15.2',
119 silly addNameRange     '0.15.3',
119 silly addNameRange     '0.15.4',
119 silly addNameRange     '0.15.5',
119 silly addNameRange     '0.16.0',
119 silly addNameRange     '0.16.1',
119 silly addNameRange     '0.16.2',
119 silly addNameRange     '0.16.3',
119 silly addNameRange     '0.18.0',
119 silly addNameRange     '0.18.1',
119 silly addNameRange     '0.18.2',
119 silly addNameRange     '0.18.3',
119 silly addNameRange     '0.18.4',
119 silly addNameRange     '0.18.5',
119 silly addNameRange     '0.18.6',
119 silly addNameRange     '0.18.7',
119 silly addNameRange     '1.0.1',
119 silly addNameRange     '1.0.2',
119 silly addNameRange     '1.0.3',
119 silly addNameRange     '2.0.0',
119 silly addNameRange     '2.0.1',
119 silly addNameRange     '2.1.0',
119 silly addNameRange     '2.1.1',
119 silly addNameRange     '2.1.2',
119 silly addNameRange     '2.2.0',
119 silly addNameRange     '2.2.1',
119 silly addNameRange     '2.2.2',
119 silly addNameRange     '2.2.3',
119 silly addNameRange     '2.2.4',
119 silly addNameRange     '2.3.0',
119 silly addNameRange     '2.3.1',
119 silly addNameRange     '2.3.2',
119 silly addNameRange     '2.3.3',
119 silly addNameRange     '2.3.4',
119 silly addNameRange     '2.3.5',
119 silly addNameRange     '2.3.6',
119 silly addNameRange     '2.3.8',
119 silly addNameRange     '2.3.9',
119 silly addNameRange     '2.3.10',
119 silly addNameRange     '2.3.11',
119 silly addNameRange     '2.3.12',
119 silly addNameRange     '2.3.13',
119 silly addNameRange     '3.0.0-beta1',
119 silly addNameRange     '3.0.0-beta2',
119 silly addNameRange     '3.0.0',
119 silly addNameRange     '3.0.1',
119 silly addNameRange     '3.0.3',
119 silly addNameRange     '3.0.4',
119 silly addNameRange     '3.0.5',
119 silly addNameRange     '3.0.6',
119 silly addNameRange     '3.0.7',
119 silly addNameRange     '3.1.0',
119 silly addNameRange     '3.1.1',
119 silly addNameRange     '3.1.2',
119 silly addNameRange     '3.2.1',
119 silly addNameRange     '3.2.2',
119 silly addNameRange     '3.2.3',
119 silly addNameRange     '3.2.4',
119 silly addNameRange     '3.2.5',
119 silly addNameRange     '3.2.6',
119 silly addNameRange     '3.2.7',
119 silly addNameRange     '3.2.8',
119 silly addNameRange     '3.3.0',
119 silly addNameRange     '3.3.1',
119 silly addNameRange     '3.3.2',
119 silly addNameRange     '3.3.3',
119 silly addNameRange     '3.3.4',
119 silly addNameRange     '3.3.5',
119 silly addNameRange     '3.4.0',
119 silly addNameRange     '3.4.1',
119 silly addNameRange     '3.4.2',
119 silly addNameRange     '4.0.0',
119 silly addNameRange     '3.4.3',
119 silly addNameRange     '4.0.1',
119 silly addNameRange     '4.0.3',
119 silly addNameRange     '4.0.4',
119 silly addNameRange     '4.1.0',
119 silly addNameRange     '4.1.1',
119 silly addNameRange     '4.1.2',
119 silly addNameRange     '4.2.0',
119 silly addNameRange     '4.2.1',
119 silly addNameRange     '5.0.0',
119 silly addNameRange     '6.0.0-0',
119 silly addNameRange     '6.0.0-1',
119 silly addNameRange     '6.0.0-2',
119 silly addNameRange     '6.0.0-3',
119 silly addNameRange     '6.0.0-4',
119 silly addNameRange     '6.0.0-5',
119 silly addNameRange     '6.0.0-6',
119 silly addNameRange     '6.0.0-7',
119 silly addNameRange     '6.0.0-8',
119 silly addNameRange     '6.0.0-9',
119 silly addNameRange     '6.0.0-10',
119 silly addNameRange     '6.0.0-11' ] ]
120 verbose addNamed [ 'laravel-elixir', '5.0.0' ]
121 verbose addNamed [ '5.0.0', '5.0.0' ]
122 silly lockFile 8fed3565-laravel-elixir-5-0-0 laravel-elixir@5.0.0
123 verbose lock laravel-elixir@5.0.0 /home/aflashyrhetoric/.npm/8fed3565-laravel-elixir-5-0-0.lock
124 silly lockFile 1c366dda--elixir-laravel-elixir-5-0-0-tgz https://registry.npmjs.org/laravel-elixir/-/laravel-elixir-5.0.0.tgz
125 verbose lock https://registry.npmjs.org/laravel-elixir/-/laravel-elixir-5.0.0.tgz /home/aflashyrhetoric/.npm/1c366dda--elixir-laravel-elixir-5-0-0-tgz.lock
126 verbose addRemoteTarball [ 'https://registry.npmjs.org/laravel-elixir/-/laravel-elixir-5.0.0.tgz',
126 verbose addRemoteTarball   '742f0d8676ef0db3d853f0620c996a5f6330e265' ]
127 silly lockFile 1c366dda--elixir-laravel-elixir-5-0-0-tgz https://registry.npmjs.org/laravel-elixir/-/laravel-elixir-5.0.0.tgz
128 silly lockFile 1c366dda--elixir-laravel-elixir-5-0-0-tgz https://registry.npmjs.org/laravel-elixir/-/laravel-elixir-5.0.0.tgz
129 silly lockFile 8fed3565-laravel-elixir-5-0-0 laravel-elixir@5.0.0
130 silly lockFile 8fed3565-laravel-elixir-5-0-0 laravel-elixir@5.0.0
131 silly lockFile 055fb59e-laravel-elixir-5-0-0 laravel-elixir@^5.0.0
132 silly lockFile 055fb59e-laravel-elixir-5-0-0 laravel-elixir@^5.0.0
133 error nospc ENOSPC, mkdir '/tmp/npm-7768-5D6yBgup'
133 error nospc This is most likely not a problem with npm itself
133 error nospc and is related to insufficient space on your system.
134 error System Linux 3.13.0-37-generic
135 error command "/usr/bin/node" "/usr/bin/npm" "install"
136 error cwd /home/aflashyrhetoric/sites/mosu
137 error node -v v0.10.41
138 error npm -v 1.4.29
139 error path /tmp/npm-7768-5D6yBgup
140 error code ENOSPC
141 error errno 54
142 verbose exit [ 54, true ]
